single thread performance
Trial 0: 1576.37 ms
Trial 1: 1573.62 ms
Trial 2: 1569.41 ms
Trial 3: 1569.17 ms
Trial 4: 1568.31 ms
Trial 5: 1570.14 ms
Trial 6: 1574.93 ms
Trial 7: 1577.67 ms
Trial 8: 1572.55 ms
Trial 9: 1574.44 ms
Average: 1572.66 ms

std::thread ThreadPool performance
Trial 0: 529.785 ms
Trial 1: 513.377 ms
Trial 2: 511.764 ms
Trial 3: 513.923 ms
Trial 4: 534.508 ms
Trial 5: 514.002 ms
Trial 6: 513.542 ms
Trial 7: 513.759 ms
Trial 8: 513.591 ms
Trial 9: 513.248 ms
Average: 517.15 ms

OpenMP performance
Trial 0: 502.245 ms
Trial 1: 494.098 ms
Trial 2: 494.126 ms
Trial 3: 496.106 ms
Trial 4: 495.278 ms
Trial 5: 494.579 ms
Trial 6: 494.999 ms
Trial 7: 494.42 ms
Trial 8: 495.469 ms
Trial 9: 494.648 ms
Average: 495.597 ms

